#
# There is insufficient memory for the Java Runtime Environment to continue.
# Native memory allocation (mmap) failed to map 266338304 bytes for G1 virtual space
# Possible reasons:
#   The system is out of physical RAM or swap space
#   The process is running with CompressedOops enabled, and the Java Heap may be blocking the growth of the native heap
# Possible solutions:
#   Reduce memory load on the system
#   Increase physical memory or swap space
#   Check if swap backing store is full
#   Decrease Java heap size (-Xmx/-Xms)
#   Decrease number of Java threads
#   Decrease Java thread stack sizes (-Xss)
#   Set larger code cache with -XX:ReservedCodeCacheSize=
#   JVM is running with Zero Based Compressed Oops mode in which the Java heap is
#     placed in the first 32GB address space. The Java Heap base address is the
#     maximum limit for the native heap growth. Please use -XX:HeapBaseMinAddress
#     to set the Java Heap base and to place the Java Heap above 32GB virtual address.
# This output file may be truncated or incomplete.
#
#  Out of Memory Error (os_windows.cpp:3530), pid=20352, tid=25108
#
# JRE version:  (18.0.2.1+1) (build )
# Java VM: OpenJDK 64-Bit Server VM (18.0.2.1+1-1, mixed mode, sharing, tiered, compressed oops, compressed class ptrs, g1 gc, windows-amd64)
# No core dump will be written. Minidumps are not enabled by default on client versions of Windows
#

---------------  S U M M A R Y ------------

Command Line: -javaagent:C:\Program Files\JetBrains\IntelliJ IDEA 2022.1.2\lib\idea_rt.jar=51121:C:\Program Files\JetBrains\IntelliJ IDEA 2022.1.2\bin -Dfile.encoding=UTF-8 Application

Host: Intel(R) Core(TM) i5-10300H CPU @ 2.50GHz, 8 cores, 15G,  Windows 11 , 64 bit Build 22621 (10.0.22621.3527)
Time: Sun Apr 28 13:25:00 2024 RTZ 2 (s 11 , 64 bit Build 22621 (10.0.22621.3527) elapsed time: 0.009306 seconds (0d 0h 0m 0s)

---------------  T H R E A D  ---------------

Current thread (0x000001b6626115e0):  JavaThread "Unknown thread" [_thread_in_vm, id=25108, stack(0x0000006263100000,0x0000006263200000)]

Stack: [0x0000006263100000,0x0000006263200000]
Native frames: (J=compiled Java code, j=interpreted, Vv=VM code, C=native code)
V  [jvm.dll+0x6993aa]
V  [jvm.dll+0x7f46dd]
V  [jvm.dll+0x7f5fee]
V  [jvm.dll+0x7f66a3]
V  [jvm.dll+0x25cf1f]
V  [jvm.dll+0x6962f9]
V  [jvm.dll+0x68ae2a]
V  [jvm.dll+0x32255b]
V  [jvm.dll+0x329f36]
V  [jvm.dll+0x37eade]
V  [jvm.dll+0x37ed0f]
V  [jvm.dll+0x2fa2da]
V  [jvm.dll+0x2fb33d]
V  [jvm.dll+0x7c3310]
V  [jvm.dll+0x38be61]
V  [jvm.dll+0x7a2023]
V  [jvm.dll+0x40dc3f]
V  [jvm.dll+0x40f611]
C  [jli.dll+0x526b]
C  [ucrtbase.dll+0x29333]
C  [KERNEL32.DLL+0x1257d]
C  [ntdll.dll+0x5aa48]


---------------  P R O C E S S  ---------------

Threads class SMR info:
_java_thread_list=0x00007ffc83e5e550, length=0, elements={
}

Java Threads: ( => current thread )

Other Threads:
  0x000001b6626847d0 WorkerThread "GC Thread#0" [stack: 0x0000006263200000,0x0000006263300000] [id=17944]
  0x000001b662695500 ConcurrentGCThread "G1 Main Marker" [stack: 0x0000006263300000,0x0000006263400000] [id=25680]
  0x000001b662696690 WorkerThread "G1 Conc#0" [stack: 0x0000006263400000,0x0000006263500000] [id=10048]

[error occurred during error reporting (printing all threads), id 0xc0000005, EXCEPTION_ACCESS_VIOLATION (0xc0000005) at pc=0x00007ffc8368a877]

VM state: not at safepoint (not fully initialized)

VM Mutex/Monitor currently owned by a thread:  ([mutex/lock_event])
[0x000001b66260d670] Heap_lock - owner thread: 0x000001b6626115e0

Heap address: 0x0000000702000000, size: 4064 MB, Compressed Oops mode: Zero based, Oop shift amount: 3

CDS archive(s) mapped at: [0x0000000000000000-0x0000000000000000-0x0000000000000000), size 0, SharedBaseAddress: 0x0000000800000000, ArchiveRelocationMode: 0.
Narrow klass base: 0x0000000000000000, Narrow klass shift: 0, Narrow klass range: 0x0

GC Precious Log:
 CardTable entry size: 512
 Card Set container configuration: InlinePtr #cards 4 size 8 Array Of Cards #cards 16 size 48 Howl #buckets 8 coarsen threshold 3686 Howl Bitmap #cards 512 size 80 coarsen threshold 460 Card regions per heap region 1 cards per card region 4096

Heap:
 garbage-first heap   total 0K, used 0K [0x0000000702000000, 0x0000000800000000)
  region size 2048K, 0 young (0K), 0 survivors (0K)

[error occurred during error reporting (printing heap information), id 0xc0000005, EXCEPTION_ACCESS_VIOLATION (0xc0000005) at pc=0x00007ffc83a71839]

GC Heap History (0 events):
No events

Deoptimization events (0 events):
No events

Classes loaded (0 events):
No events

Classes unloaded (0 events):
No events

Classes redefined (0 events):
No events

Internal exceptions (0 events):
No events

VM Operations (0 events):
No events

Events (1 events):
Event: 0.005 Loaded shared library C:\Users\pyuko\.jdks\openjdk-18.0.2.1\bin\java.dll


Dynamic libraries:
0x00007ff629070000 - 0x00007ff62907e000 	C:\Users\pyuko\.jdks\openjdk-18.0.2.1\bin\java.exe
0x00007ffcfd9f0000 - 0x00007ffcfdc07000 	C:\WINDOWS\SYSTEM32\ntdll.dll
0x00007ffcfc590000 - 0x00007ffcfc654000 	C:\WINDOWS\System32\KERNEL32.DLL
0x00007ffcfb210000 - 0x00007ffcfb5b7000 	C:\WINDOWS\System32\KERNELBASE.dll
0x00007ffcfaf50000 - 0x00007ffcfb061000 	C:\WINDOWS\System32\ucrtbase.dll
0x00007ffcdf6f0000 - 0x00007ffcdf70a000 	C:\Users\pyuko\.jdks\openjdk-18.0.2.1\bin\VCRUNTIME140.dll
0x00007ffce5e60000 - 0x00007ffce5e77000 	C:\Users\pyuko\.jdks\openjdk-18.0.2.1\bin\jli.dll
0x00007ffcfc060000 - 0x00007ffcfc20e000 	C:\WINDOWS\System32\USER32.dll
0x00007ffcfb5c0000 - 0x00007ffcfb5e6000 	C:\WINDOWS\System32\win32u.dll
0x00007ffce58e0000 - 0x00007ffce5b73000 	C:\WINDOWS\WinSxS\amd64_microsoft.windows.common-controls_6595b64144ccf1df_6.0.22621.3527_none_270e469b73872a76\COMCTL32.dll
0x00007ffcfc2c0000 - 0x00007ffcfc367000 	C:\WINDOWS\System32\msvcrt.dll
0x00007ffcfc660000 - 0x00007ffcfc689000 	C:\WINDOWS\System32\GDI32.dll
0x00007ffcfae30000 - 0x00007ffcfaf49000 	C:\WINDOWS\System32\gdi32full.dll
0x00007ffcfad10000 - 0x00007ffcfadaa000 	C:\WINDOWS\System32\msvcp_win.dll
0x00007ffcfc850000 - 0x00007ffcfc881000 	C:\WINDOWS\System32\IMM32.DLL
0x00007ffcefc60000 - 0x00007ffcefc6c000 	C:\Users\pyuko\.jdks\openjdk-18.0.2.1\bin\vcruntime140_1.dll
0x00007ffcc3420000 - 0x00007ffcc34ad000 	C:\Users\pyuko\.jdks\openjdk-18.0.2.1\bin\msvcp140.dll
0x00007ffc83380000 - 0x00007ffc83f91000 	C:\Users\pyuko\.jdks\openjdk-18.0.2.1\bin\server\jvm.dll
0x00007ffcfcd10000 - 0x00007ffcfcdc2000 	C:\WINDOWS\System32\ADVAPI32.dll
0x00007ffcfcdd0000 - 0x00007ffcfce78000 	C:\WINDOWS\System32\sechost.dll
0x00007ffcfb070000 - 0x00007ffcfb098000 	C:\WINDOWS\System32\bcrypt.dll
0x00007ffcfce80000 - 0x00007ffcfcf95000 	C:\WINDOWS\System32\RPCRT4.dll
0x00007ffcfc370000 - 0x00007ffcfc378000 	C:\WINDOWS\System32\PSAPI.DLL
0x00007ffcf5d40000 - 0x00007ffcf5d49000 	C:\WINDOWS\SYSTEM32\WSOCK32.dll
0x00007ffcf3a20000 - 0x00007ffcf3a54000 	C:\WINDOWS\SYSTEM32\WINMM.dll
0x00007ffcfc210000 - 0x00007ffcfc281000 	C:\WINDOWS\System32\WS2_32.dll
0x00007ffcf29a0000 - 0x00007ffcf29aa000 	C:\WINDOWS\SYSTEM32\VERSION.dll
0x00007ffcf9e20000 - 0x00007ffcf9e38000 	C:\WINDOWS\SYSTEM32\kernel.appcore.dll
0x00007ffce6850000 - 0x00007ffce685a000 	C:\Users\pyuko\.jdks\openjdk-18.0.2.1\bin\jimage.dll
0x00007ffcf8650000 - 0x00007ffcf8883000 	C:\WINDOWS\SYSTEM32\DBGHELP.DLL
0x00007ffcfbbd0000 - 0x00007ffcfbf58000 	C:\WINDOWS\System32\combase.dll
0x00007ffcfb8f0000 - 0x00007ffcfb9c7000 	C:\WINDOWS\System32\OLEAUT32.dll
0x00007ffccbe50000 - 0x00007ffccbe82000 	C:\WINDOWS\SYSTEM32\dbgcore.DLL
0x00007ffcfadb0000 - 0x00007ffcfae29000 	C:\WINDOWS\System32\bcryptPrimitives.dll
0x00007ffcf59c0000 - 0x00007ffcf59ce000 	C:\Users\pyuko\.jdks\openjdk-18.0.2.1\bin\instrument.dll
0x00007ffcd1ef0000 - 0x00007ffcd1f15000 	C:\Users\pyuko\.jdks\openjdk-18.0.2.1\bin\java.dll

dbghelp: loaded successfully - version: 4.0.5 - missing functions: none
symbol engine: initialized successfully - sym options: 0x614 - pdb path: .;C:\Users\pyuko\.jdks\openjdk-18.0.2.1\bin;C:\WINDOWS\SYSTEM32;C:\WINDOWS\WinSxS\amd64_microsoft.windows.common-controls_6595b64144ccf1df_6.0.22621.3527_none_270e469b73872a76;C:\Users\pyuko\.jdks\openjdk-18.0.2.1\bin\server

VM Arguments:
jvm_args: -javaagent:C:\Program Files\JetBrains\IntelliJ IDEA 2022.1.2\lib\idea_rt.jar=51121:C:\Program Files\JetBrains\IntelliJ IDEA 2022.1.2\bin -Dfile.encoding=UTF-8 
java_command: Application
java_class_path (initial): C:\Users\pyuko\Downloads\1363_ZhDANOV_1363 (6)\client\out\production\untitled26
Launcher Type: SUN_STANDARD

[Global flags]
     intx CICompilerCount                          = 4                                         {product} {ergonomic}
     uint ConcGCThreads                            = 2                                         {product} {ergonomic}
     uint G1ConcRefinementThreads                  = 8                                         {product} {ergonomic}
   size_t G1HeapRegionSize                         = 2097152                                   {product} {ergonomic}
    uintx GCDrainStackTargetSize                   = 64                                        {product} {ergonomic}
   size_t InitialHeapSize                          = 266338304                                 {product} {ergonomic}
   size_t MarkStackSize                            = 4194304                                   {product} {ergonomic}
   size_t MaxHeapSize                              = 4261412864                                {product} {ergonomic}
   size_t MinHeapDeltaBytes                        = 2097152                                   {product} {ergonomic}
   size_t MinHeapSize                              = 8388608                                   {product} {ergonomic}
    uintx NonNMethodCodeHeapSize                   = 5839372                                {pd product} {ergonomic}
    uintx NonProfiledCodeHeapSize                  = 122909434                              {pd product} {ergonomic}
    uintx ProfiledCodeHeapSize                     = 122909434                              {pd product} {ergonomic}
    uintx ReservedCodeCacheSize                    = 251658240                              {pd product} {ergonomic}
     bool SegmentedCodeCache                       = true                                      {product} {ergonomic}
   size_t SoftMaxHeapSize                          = 4261412864                             {manageable} {ergonomic}
     bool UseCompressedClassPointers               = true                           {product lp64_product} {ergonomic}
     bool UseCompressedOops                        = true                           {product lp64_product} {ergonomic}
     bool UseG1GC                                  = true                                      {product} {ergonomic}
     bool UseLargePagesIndividualAllocation        = false                                  {pd product} {ergonomic}

Logging:
Log output configuration:
 #0: stdout all=warning uptime,level,tags foldmultilines=false
 #1: stderr all=off uptime,level,tags foldmultilines=false

Environment Variables:
PATH=C:\ProgramData\Oracle\Java\javapath;C:\Windows\system32;C:\Windows;C:\Windows\System32\Wbem;C:\Windows\System32\WindowsPowerShell\v1.0\;C:\Windows\System32\OpenSSH\;C:\Program Files (x86)\NVIDIA Corporation\PhysX\Common;C:\Program Files\NVIDIA Corporation\NVIDIA NvDLISR;C:\Program Files\CMake\bin;C:\WINDOWS\system32;C:\WINDOWS;C:\WINDOWS\System32\Wbem;C:\WINDOWS\System32\WindowsPowerShell\v1.0\;C:\WINDOWS\System32\OpenSSH\;C:\Program Files\Wolfram Research\WolframScript\;C:\Program Files (x86)\dotnet-core-uninstall\;C:\Program Files\dotnet\;C:\Users\pyuko\AppData\Local\Microsoft\WindowsApps;C:\Program Files\JetBrains\CLion 2021.2.2\bin;;C:\Program Files\JetBrains\PyCharm 2022.2.2\bin;;C:\Program Files\JetBrains\DataGrip 2023.3.2\bin;;C:\Users\pyuko\AppData\Local\GitHubDesktop\bin;C:\Program Files\JetBrains\IntelliJ IDEA 2022.1.2\bin;;C:\Users\pyuko\.dotnet\tools
USERNAME=pyuko
OS=Windows_NT
PROCESSOR_IDENTIFIER=Intel64 Family 6 Model 165 Stepping 2, GenuineIntel



---------------  S Y S T E M  ---------------

OS:
 Windows 11 , 64 bit Build 22621 (10.0.22621.3527)
OS uptime: 0 days 23:33 hours

CPU: total 8 (initial active 8) (4 cores per cpu, 2 threads per core) family 6 model 165 stepping 2 microcode 0xea, cx8, cmov, fxsr, ht, mmx, 3dnowpref, sse, sse2, sse3, ssse3, sse4.1, sse4.2, popcnt, lzcnt, tsc, tscinvbit, avx, avx2, aes, erms, clmul, bmi1, bmi2, adx, fma, vzeroupper, clflush, clflushopt

Memory: 4k page, system-wide physical 16251M (1330M free)
TotalPageFile size 30335M (AvailPageFile size 253M)
current process WorkingSet (physical memory assigned to process): 11M, peak: 11M
current process commit charge ("private bytes"): 60M, peak: 314M

vm_info: OpenJDK 64-Bit Server VM (18.0.2.1+1-1) for windows-amd64 JRE (18.0.2.1+1-1), built on Aug 16 2022 01:44:29 by "mach5one" with MS VC++ 16.8 / 16.9 (VS2019)

END.
